# JRE version: Java(TM) SE Runtime Environment (14.0.2+12) (build 14.0.2+12-46)
# Java VM: Java HotSpot(TM) 64-Bit Server VM (14.0.2+12-46, mixed mode, sharing, tiered, compressed oops, g1 gc, bsd-amd64)
Heap:
 garbage-first heap   total 524288K, used 434206K [0x00000007e0000000, 0x0000000800000000)
  region size 1024K, 81 young (82944K), 11 survivors (11264K)
 Metaspace       used 152141K, capacity 157343K, committed 157636K, reserved 391168K
  class space    used 18749K, capacity 20675K, committed 20760K, reserved 253952K
GC Heap History (20 events):
Event: 712.913 GC heap after
{Heap after GC invocations=190 (full 0):
 garbage-first heap   total 524288K, used 189530K [0x00000007e0000000, 0x0000000800000000)
  region size 1024K, 12 young (12288K), 12 survivors (12288K)
 Metaspace       used 151368K, capacity 156566K, committed 156740K, reserved 391168K
  class space    used 18680K, capacity 20615K, committed 20632K, reserved 253952K
}
Event: 714.042 GC heap before
{Heap before GC invocations=191 (full 0):
 garbage-first heap   total 524288K, used 283738K [0x00000007e0000000, 0x0000000800000000)
  region size 1024K, 106 young (108544K), 12 survivors (12288K)
 Metaspace       used 151504K, capacity 156646K, committed 156740K, reserved 391168K
  class space    used 18698K, capacity 20619K, committed 20632K, reserved 253952K
}
Event: 714.057 GC heap after
{Heap after GC invocations=192 (full 0):
 garbage-first heap   total 524288K, used 179802K [0x00000007e0000000, 0x0000000800000000)
  region size 1024K, 5 young (5120K), 5 survivors (5120K)
 Metaspace       used 151504K, capacity 156646K, committed 156740K, reserved 391168K
  class space    used 18698K, capacity 20619K, committed 20632K, reserved 253952K
}
Event: 716.585 GC heap before
{Heap before GC invocations=193 (full 0):
 garbage-first heap   total 524288K, used 461402K [0x00000007e0000000, 0x0000000800000000)
  region size 1024K, 268 young (274432K), 5 survivors (5120K)
 Metaspace       used 152032K, capacity 157199K, committed 157380K, reserved 391168K
  class space    used 18747K, capacity 20673K, committed 20760K, reserved 253952K
}
Event: 716.756 GC heap after
{Heap after GC invocations=194 (full 0):
 garbage-first heap   total 524288K, used 366384K [0x00000007e0000000, 0x0000000800000000)
  region size 1024K, 34 young (34816K), 34 survivors (34816K)
 Metaspace       used 152032K, capacity 157199K, committed 157380K, reserved 391168K
  class space    used 18747K, capacity 20673K, committed 20760K, reserved 253952K
}
Event: 716.786 GC heap before
{Heap before GC invocations=194 (full 0):
 garbage-first heap   total 524288K, used 367408K [0x00000007e0000000, 0x0000000800000000)
  region size 1024K, 35 young (35840K), 34 survivors (34816K)
 Metaspace       used 152032K, capacity 157199K, committed 157380K, reserved 391168K
  class space    used 18747K, capacity 20673K, committed 20760K, reserved 253952K
}
Event: 716.957 GC heap after
{Heap after GC invocations=195 (full 0):
 garbage-first heap   total 524288K, used 335152K [0x00000007e0000000, 0x0000000800000000)
  region size 1024K, 2 young (2048K), 2 survivors (2048K)
 Metaspace       used 152032K, capacity 157199K, committed 157380K, reserved 391168K
  class space    used 18747K, capacity 20673K, committed 20760K, reserved 253952K
}
Event: 717.076 GC heap before
{Heap before GC invocations=195 (full 0):
 garbage-first heap   total 524288K, used 357680K [0x00000007e0000000, 0x0000000800000000)
  region size 1024K, 26 young (26624K), 2 survivors (2048K)
 Metaspace       used 152032K, capacity 157199K, committed 157380K, reserved 391168K
  class space    used 18747K, capacity 20673K, committed 20760K, reserved 253952K
}
Event: 717.091 GC heap after
{Heap after GC invocations=196 (full 0):
 garbage-first heap   total 524288K, used 336617K [0x00000007e0000000, 0x0000000800000000)
  region size 1024K, 3 young (3072K), 3 survivors (3072K)
 Metaspace       used 152032K, capacity 157199K, committed 157380K, reserved 391168K
  class space    used 18747K, capacity 20673K, committed 20760K, reserved 253952K
}
Event: 718.554 GC heap before
{Heap before GC invocations=197 (full 0):
 garbage-first heap   total 524288K, used 478953K [0x00000007e0000000, 0x0000000800000000)
  region size 1024K, 104 young (106496K), 3 survivors (3072K)
 Metaspace       used 152108K, capacity 157275K, committed 157380K, reserved 391168K
  class space    used 18749K, capacity 20675K, committed 20760K, reserved 253952K
}
Event: 718.616 GC heap after
{Heap after GC invocations=198 (full 0):
 garbage-first heap   total 524288K, used 386288K [0x00000007e0000000, 0x0000000800000000)
  region size 1024K, 13 young (13312K), 13 survivors (13312K)
 Metaspace       used 152108K, capacity 157275K, committed 157380K, reserved 391168K
  class space    used 18749K, capacity 20675K, committed 20760K, reserved 253952K
}
Event: 718.653 GC heap before
{Heap before GC invocations=198 (full 0):
 garbage-first heap   total 524288K, used 398576K [0x00000007e0000000, 0x0000000800000000)
  region size 1024K, 25 young (25600K), 13 survivors (13312K)
 Metaspace       used 152108K, capacity 157275K, committed 157380K, reserved 391168K
  class space    used 18749K, capacity 20675K, committed 20760K, reserved 253952K
}
Event: 718.678 GC heap after
{Heap after GC invocations=199 (full 0):
 garbage-first heap   total 524288K, used 337462K [0x00000007e0000000, 0x0000000800000000)
  region size 1024K, 1 young (1024K), 1 survivors (1024K)
 Metaspace       used 152108K, capacity 157275K, committed 157380K, reserved 391168K
  class space    used 18749K, capacity 20675K, committed 20760K, reserved 253952K
}
Event: 721.716 GC heap before
{Heap before GC invocations=199 (full 0):
 garbage-first heap   total 524288K, used 370230K [0x00000007e0000000, 0x0000000800000000)
  region size 1024K, 25 young (25600K), 1 survivors (1024K)
 Metaspace       used 152123K, capacity 157341K, committed 157636K, reserved 391168K
  class space    used 18749K, capacity 20675K, committed 20760K, reserved 253952K
}
Event: 721.745 GC heap after
{Heap after GC invocations=200 (full 0):
 garbage-first heap   total 524288K, used 306161K [0x00000007e0000000, 0x0000000800000000)
  region size 1024K, 3 young (3072K), 3 survivors (3072K)
 Metaspace       used 152123K, capacity 157341K, committed 157636K, reserved 391168K
  class space    used 18749K, capacity 20675K, committed 20760K, reserved 253952K
}
Event: 721.753 GC heap before
{Heap before GC invocations=200 (full 0):
 garbage-first heap   total 524288K, used 314353K [0x00000007e0000000, 0x0000000800000000)
  region size 1024K, 12 young (12288K), 3 survivors (3072K)
 Metaspace       used 152129K, capacity 157341K, committed 157636K, reserved 391168K
  class space    used 18749K, capacity 20675K, committed 20760K, reserved 253952K
}
Event: 721.797 GC heap after
{Heap after GC invocations=201 (full 0):
 garbage-first heap   total 524288K, used 308473K [0x00000007e0000000, 0x0000000800000000)
  region size 1024K, 5 young (5120K), 5 survivors (5120K)
 Metaspace       used 152129K, capacity 157341K, committed 157636K, reserved 391168K
  class space    used 18749K, capacity 20675K, committed 20760K, reserved 253952K
}
Event: 722.768 GC heap before
{Heap before GC invocations=201 (full 0):
 garbage-first heap   total 524288K, used 410873K [0x00000007e0000000, 0x0000000800000000)
  region size 1024K, 123 young (125952K), 5 survivors (5120K)
 Metaspace       used 152133K, capacity 157343K, committed 157636K, reserved 391168K
  class space    used 18749K, capacity 20675K, committed 20760K, reserved 253952K
}
Event: 722.890 GC heap after
{Heap after GC invocations=202 (full 0):
 garbage-first heap   total 524288K, used 342196K [0x00000007e0000000, 0x0000000800000000)
  region size 1024K, 16 young (16384K), 16 survivors (16384K)
 Metaspace       used 152133K, capacity 157343K, committed 157636K, reserved 391168K
  class space    used 18749K, capacity 20675K, committed 20760K, reserved 253952K
}
Event: 724.209 GC heap before
{Heap before GC invocations=203 (full 0):
 garbage-first heap   total 524288K, used 433332K [0x00000007e0000000, 0x0000000800000000)
  region size 1024K, 86 young (88064K), 16 survivors (16384K)
 Metaspace       used 152141K, capacity 157343K, committed 157636K, reserved 391168K
  class space    used 18749K, capacity 20675K, committed 20760K, reserved 253952K
}

